<?xml version="1.0" encoding="UTF-8"?>
<testsuite name="co.edu.unal.paralela.StudentAnalyticsTest" time="2.211" tests="6" errors="0" skipped="0" failures="2">
  <properties>
[...]
</properties>
  <testcase name="testAverageAgeOfEnrolledStudents" classname="co.edu.unal.paralela.StudentAnalyticsTest" time="0.287"/>
  <testcase name="testAverageAgeOfEnrolledStudentsPerf" classname="co.edu.unal.paralela.StudentAnalyticsTest" time="0.392"/>
  <testcase name="testMostCommonFirstNameOfInactiveStudents" classname="co.edu.unal.paralela.StudentAnalyticsTest" time="0.283"/>
  <testcase name="testMostCommonFirstNameOfInactiveStudentsPerf" classname="co.edu.unal.paralela.StudentAnalyticsTest" time="0.595">
    <failure message="Expected speedup to be at least 8.0 but was 2.145038167938931" type="junit.framework.AssertionFailedError">junit.framework.AssertionFailedError: Expected speedup to be at least 8.0 but was 2.145038167938931
	at junit.framework.Assert.fail(Assert.java:47)
	at junit.framework.Assert.assertTrue(Assert.java:20)
	at co.edu.unal.paralela.StudentAnalyticsTest.testMostCommonFirstNameOfInactiveStudentsPerf(StudentAnalyticsTest.java:118)
</failure>
  </testcase>
  <testcase name="testCountNumberOfFailedStudentsOlderThan20" classname="co.edu.unal.paralela.StudentAnalyticsTest" time="0.171"/>
  <testcase name="testCountNumberOfFailedStudentsOlderThan20Perf" classname="co.edu.unal.paralela.StudentAnalyticsTest" time="0.483">
    <failure message="Expected parallel version to run at least 1.2x faster but speedup was 0.5276073619631901" type="junit.framework.AssertionFailedError">junit.framework.AssertionFailedError: Expected parallel version to run at least 1.2x faster but speedup was 0.5276073619631901
	at junit.framework.Assert.fail(Assert.java:47)
	at junit.framework.Assert.assertTrue(Assert.java:20)
	at co.edu.unal.paralela.StudentAnalyticsTest.testCountNumberOfFailedStudentsOlderThan20Perf(StudentAnalyticsTest.java:160)
</failure>
  </testcase>
</testsuite>